
[0;36m========================================================================[0m
[0;36m  PlantVillage Semi-Supervised Learning Research Pipeline[0m
[0;36m========================================================================[0m

[1;33mℹ[0m Pipeline Configuration (from /home/warre/Documents/howest/Semester_5/Research_Project/Source/pipeline_config.yaml):
  Epochs:         50
  Batch size:     32
  Image size:     224x224
  Labeled ratio:  0.1
  Iterations:     100
  Data dir:       /home/warre/Documents/howest/Semester_5/Research_Project/Source/plantvillage_ssl/data/plantvillage/balanced
  Output dir:     output/research_pipeline
  Dry run:        false

[1;33mℹ[0m Checking prerequisites...
[0;32m✓[0m Using conda environment: pytorch_assignment_env
[0;32m✓[0m Python: Python 3.11.13
[0;32m✓[0m CUDA available: NVIDIA GeForce RTX 3060 Laptop GPU

[1;33mℹ[0m Running full pipeline...
[0;34m[STAGE][0m Dataset Download
[0;32m✓[0m Dataset already exists at /home/warre/Documents/howest/Semester_5/Research_Project/Source/plantvillage_ssl/data/plantvillage/balanced
[0;34m[STAGE][0m Training Burn (Rust) Model
[1;33mℹ[0m Building Burn project...
warning: unused import: `BenchmarkResult`
  --> src/inference/jetson.rs:17:41
   |
17 | use super::benchmark::{BenchmarkConfig, BenchmarkResult, DeviceInfo, LatencyStats, MemoryStats};
   |                                         ^^^^^^^^^^^^^^^
   |
   = note: `#[warn(unused_imports)]` (part of `#[warn(unused)]`) on by default

warning: unused import: `burn::record::CompactRecorder`
  --> src/training/ssl_incremental.rs:36:5
   |
36 | use burn::record::CompactRecorder;
   |     ^^^^^^^^^^^^^^^^^^^^^^^^^^^^^

warning: unused import: `crate::training::pseudo_label::PseudoLabelConfig`
  --> src/training/ssl_incremental.rs:45:5
   |
45 | use crate::training::pseudo_label::PseudoLabelConfig;
   |     ^^^^^^^^^^^^^^^^^^^^^^^^^^^^^^^^^^^^^^^^^^^^^^^^

warning: unused import: `Module`
  --> src/training/ssl_incremental.rs:33:36
   |
33 | use burn::module::{AutodiffModule, Module};
   |                                    ^^^^^^

warning: unused variable: `batcher`
   --> src/training/ssl_incremental.rs:175:9
    |
175 |     let batcher = PlantVillageBatcher::<B>::with_image_size(device.clone(), image_size);
    |         ^^^^^^^ help: if this is intentional, prefix it with an underscore: `_batcher`
    |
    = note: `#[warn(unused_variables)]` (part of `#[warn(unused)]`) on by default

warning: unused variable: `new_class_label`
   --> src/training/ssl_incremental.rs:464:5
    |
464 |     new_class_label: usize,
    |     ^^^^^^^^^^^^^^^ help: if this is intentional, prefix it with an underscore: `_new_class_label`

warning: unused variable: `device`
   --> src/training/ssl_incremental.rs:481:5
    |
481 |     device: &B::Device,
    |     ^^^^^^ help: if this is intentional, prefix it with an underscore: `_device`

warning: unused variable: `y_min`
  --> src/utils/charts.rs:60:24
   |
60 |     let (x_min, x_max, y_min, y_max) = find_ranges(series);
   |                        ^^^^^ help: if this is intentional, prefix it with an underscore: `_y_min`

warning: unused variable: `label`
   --> src/utils/charts.rs:352:24
    |
352 |         for (bar_idx, (label, value, color)) in bars.iter().enumerate() {
    |                        ^^^^^ help: if this is intentional, prefix it with an underscore: `_label`

warning: field `device` is never read
   --> src/dataset/burn_dataset.rs:209:5
    |
208 | pub struct PlantVillageBatcher<B: Backend> {
    |            ------------------- field in this struct
209 |     device: B::Device,
    |     ^^^^^^
    |
    = note: `PlantVillageBatcher` has derived impls for the traits `Debug` and `Clone`, but these are intentionally ignored during dead code analysis
    = note: `#[warn(dead_code)]` (part of `#[warn(unused)]`) on by default

warning: field `device` is never read
   --> src/dataset/burn_dataset.rs:316:5
    |
315 | pub struct PseudoLabelBatcher<B: Backend> {
    |            ------------------ field in this struct
316 |     device: B::Device,
    |     ^^^^^^
    |
    = note: `PseudoLabelBatcher` has derived impls for the traits `Debug` and `Clone`, but these are intentionally ignored during dead code analysis

warning: field `running` is never read
   --> src/inference/jetson.rs:281:5
    |
278 | pub struct PowerMonitor {
    |            ------------ field in this struct
...
281 |     running: bool,
    |     ^^^^^^^

warning: constant `COLOR_PRIMARY` is never used
  --> src/utils/charts.rs:17:7
   |
17 | const COLOR_PRIMARY: &str = "#3498db";
   |       ^^^^^^^^^^^^^

warning: constant `COLOR_SECONDARY` is never used
  --> src/utils/charts.rs:18:7
   |
18 | const COLOR_SECONDARY: &str = "#2ecc71";
   |       ^^^^^^^^^^^^^^^

warning: constant `COLOR_TERTIARY` is never used
  --> src/utils/charts.rs:19:7
   |
19 | const COLOR_TERTIARY: &str = "#e74c3c";
   |       ^^^^^^^^^^^^^^

warning: `plantvillage_ssl` (lib) generated 15 warnings (run `cargo fix --lib -p plantvillage_ssl` to apply 8 suggestions)
warning: unused import: `burn::tensor::Tensor`
    --> src/bin/experiments.rs:1381:9
     |
1381 |     use burn::tensor::Tensor;
     |         ^^^^^^^^^^^^^^^^^^^^
     |
     = note: `#[warn(unused_imports)]` (part of `#[warn(unused)]`) on by default

warning: unused import: `generate_bar_chart`
    --> src/bin/experiments.rs:1497:43
     |
1497 |     use plantvillage_ssl::utils::charts::{generate_bar_chart, BarData};
     |                                           ^^^^^^^^^^^^^^^^^^

warning: unused variable: `stats`
   --> src/main.rs:396:9
    |
396 |     let stats = prepare_balanced_dataset(
    |         ^^^^^ help: if this is intentional, prefix it with an underscore: `_stats`
    |
    = note: `#[warn(unused_variables)]` (part of `#[warn(unused)]`) on by default

warning: `plantvillage_ssl` (bin "experiments") generated 2 warnings (run `cargo fix --bin "experiments" -p plantvillage_ssl` to apply 2 suggestions)
warning: `plantvillage_ssl` (bin "plantvillage_ssl") generated 1 warning (run `cargo fix --bin "plantvillage_ssl" -p plantvillage_ssl` to apply 1 suggestion)
    Finished `release` profile [optimized] target(s) in 0.43s
[1;33mℹ[0m Starting supervised training...
[1;33mℹ[0m   Epochs: 50, Batch size: 32, Labeled ratio: 0.1

 ╔══════════════════════════════════════════════════════════════════╗
 ║   🌱 PlantVillage Semi-Supervised Learning                           ║
 ║   Plant Disease Classification with Burn + Rust                      ║
 ║   Designed for NVIDIA Jetson Orin Nano                               ║
 ╚════════════════════════════════════════════════════════════════╝
  
Initializing Training...
  Device: Cuda(0)
Loading Dataset...
[2m2026-01-10T14:28:32.591849Z[0m [32m INFO[0m Loading PlantVillage dataset from: "/home/warre/Documents/howest/Semester_5/Research_Project/Source/plantvillage_ssl/data/plantvillage/balanced"
[2m2026-01-10T14:28:32.591915Z[0m [32m INFO[0m Found 38 classes
[2m2026-01-10T14:28:32.595029Z[0m [32m INFO[0m Loaded 5776 total samples

📊 Dataset Statistics:
  Total samples: 5776
  Number of classes: 38

  Samples per class:
      0. Apple___Apple_scab                         152 █
      1. Apple___Black_rot                          152 █
      2. Apple___Cedar_apple_rust                   152 █
      3. Apple___healthy                            152 █
      4. Blueberry___healthy                        152 █
      5. Cherry_(including_sour)___Powdery_mildew   152 █
      6. Cherry_(including_sour)___healthy          152 █
      7. Corn_(maize)___Cercospora_leaf_spot Gray_leaf_spot   152 █
      8. Corn_(maize)___Common_rust_                152 █
      9. Corn_(maize)___Northern_Leaf_Blight        152 █
     10. Corn_(maize)___healthy                     152 █
     11. Grape___Black_rot                          152 █
     12. Grape___Esca_(Black_Measles)               152 █
     13. Grape___Leaf_blight_(Isariopsis_Leaf_Spot)   152 █
     14. Grape___healthy                            152 █
     15. Orange___Haunglongbing_(Citrus_greening)   152 █
     16. Peach___Bacterial_spot                     152 █
     17. Peach___healthy                            152 █
     18. Pepper,_bell___Bacterial_spot              152 █
     19. Pepper,_bell___healthy                     152 █
     20. Potato___Early_blight                      152 █
     21. Potato___Late_blight                       152 █
     22. Potato___healthy                           152 █
     23. Raspberry___healthy                        152 █
     24. Soybean___healthy                          152 █
     25. Squash___Powdery_mildew                    152 █
     26. Strawberry___Leaf_scorch                   152 █
     27. Strawberry___healthy                       152 █
     28. Tomato___Bacterial_spot                    152 █
     29. Tomato___Early_blight                      152 █
     30. Tomato___Late_blight                       152 █
     31. Tomato___Leaf_Mold                         152 █
     32. Tomato___Septoria_leaf_spot                152 █
     33. Tomato___Spider_mites Two-spotted_spider_mite   152 █
     34. Tomato___Target_Spot                       152 █
     35. Tomato___Tomato_Yellow_Leaf_Curl_Virus     152 █
     36. Tomato___Tomato_mosaic_virus               152 █
     37. Tomato___healthy                           152 █
Creating Stratified Data Splits...
  📊 Stratified split created:
    Classes represented: 38
    Labeled pool: 532 samples
    Validation set: 608 samples
    Stream pool: 4142 samples (for SSL)

Dataset Splits:
  🏷️  Training samples:   532
  ✅ Validation samples: 608

Pre-loading Training Data...
  📦 Pre-loading 532 images into memory (parallel)...
  ✅ Loaded 532 images into GPU-ready format
Pre-loading Validation Data...
  📦 Pre-loading 608 images into memory (parallel)...
  ✅ Loaded 608 images into GPU-ready format

Creating Model...

Training Configuration:
  📊 Total samples:     1140
  🏷️  Training samples:  532
  ✅ Validation samples: 608
  🔄 Epochs:            50
  📦 Batch size:        32
  📈 Learning rate:     0.001
  ⚖️  Class weighted:    no
  🧠 Device:            Cuda(0)

Starting Training...

Epoch 1/50
  Batch   10/17: loss = 3.4123, acc = 8.75%
  Batch   17/17: loss = 3.3931, acc = 10.15%
  → Loss: 3.4698 | Train Acc: 10.15% | Val Acc: 11.68%(best)

Epoch 2/50
  Batch   10/17: loss = 3.0417, acc = 22.81%
  Batch   17/17: loss = 2.9233, acc = 22.56%
  → Loss: 3.0413 | Train Acc: 22.56% | Val Acc: 18.91%(best)

Epoch 3/50
  Batch   10/17: loss = 2.5739, acc = 29.06%
  Batch   17/17: loss = 2.5431, acc = 28.76%
  → Loss: 2.6140 | Train Acc: 28.76% | Val Acc: 31.74%(best)

Epoch 4/50
  Batch   10/17: loss = 2.1324, acc = 36.56%
  Batch   17/17: loss = 2.5390, acc = 38.16%
  → Loss: 2.2675 | Train Acc: 38.16% | Val Acc: 27.96%

Epoch 5/50
  Batch   10/17: loss = 1.9739, acc = 40.94%
  Batch   17/17: loss = 1.6012, acc = 40.04%
  → Loss: 2.0208 | Train Acc: 40.04% | Val Acc: 35.69%(best)

Epoch 6/50
  Batch   10/17: loss = 1.9389, acc = 46.56%
  Batch   17/17: loss = 1.7313, acc = 46.43%
  → Loss: 1.8193 | Train Acc: 46.43% | Val Acc: 34.87%

Epoch 7/50
  Batch   10/17: loss = 1.7641, acc = 49.38%
  Batch   17/17: loss = 2.0710, acc = 47.56%
  → Loss: 1.7254 | Train Acc: 47.56% | Val Acc: 40.46%(best)

Epoch 8/50
  Batch   10/17: loss = 1.8139, acc = 54.38%
  Batch   17/17: loss = 1.7197, acc = 51.88%
  → Loss: 1.6320 | Train Acc: 51.88% | Val Acc: 48.68%(best)

Epoch 9/50
  Batch   10/17: loss = 1.4009, acc = 51.88%
  Batch   17/17: loss = 1.2259, acc = 53.38%
  → Loss: 1.5302 | Train Acc: 53.38% | Val Acc: 44.57%

Epoch 10/50
  Batch   10/17: loss = 1.3677, acc = 50.62%
  Batch   17/17: loss = 1.5337, acc = 51.32%
  → Loss: 1.5519 | Train Acc: 51.32% | Val Acc: 52.63%(best)

Epoch 11/50
  Batch   10/17: loss = 1.3179, acc = 59.69%
  Batch   17/17: loss = 1.4176, acc = 59.77%
  → Loss: 1.3869 | Train Acc: 59.77% | Val Acc: 50.99%

Epoch 12/50
  Batch   10/17: loss = 1.4166, acc = 64.38%
  Batch   17/17: loss = 1.2247, acc = 61.28%
  → Loss: 1.2849 | Train Acc: 61.28% | Val Acc: 51.64%

Epoch 13/50
  Batch   10/17: loss = 1.0932, acc = 60.00%
  Batch   17/17: loss = 1.2983, acc = 58.83%
  → Loss: 1.3121 | Train Acc: 58.83% | Val Acc: 48.68%

Epoch 14/50
  Batch   10/17: loss = 1.3645, acc = 59.69%
  Batch   17/17: loss = 0.9444, acc = 61.47%
  → Loss: 1.2337 | Train Acc: 61.47% | Val Acc: 46.71%

Epoch 15/50
  Batch   10/17: loss = 1.1418, acc = 66.88%
  Batch   17/17: loss = 1.3915, acc = 63.35%
  → Loss: 1.1417 | Train Acc: 63.35% | Val Acc: 56.25%(best)

Epoch 16/50
  Batch   10/17: loss = 1.0607, acc = 67.50%
  Batch   17/17: loss = 1.0504, acc = 66.54%
  → Loss: 1.0972 | Train Acc: 66.54% | Val Acc: 57.73%(best)

Epoch 17/50
  Batch   10/17: loss = 0.9683, acc = 70.31%
  Batch   17/17: loss = 1.0691, acc = 68.42%
  → Loss: 1.0110 | Train Acc: 68.42% | Val Acc: 57.73%

Epoch 18/50
  Batch   10/17: loss = 0.9803, acc = 65.31%
  Batch   17/17: loss = 1.0370, acc = 68.05%
  → Loss: 1.0059 | Train Acc: 68.05% | Val Acc: 58.39%(best)

Epoch 19/50
  Batch   10/17: loss = 0.9659, acc = 72.19%
  Batch   17/17: loss = 0.9479, acc = 72.93%
  → Loss: 0.9457 | Train Acc: 72.93% | Val Acc: 62.01%(best)

Epoch 20/50
  Batch   10/17: loss = 0.9020, acc = 71.88%
  Batch   17/17: loss = 0.9516, acc = 69.74%
  → Loss: 0.9141 | Train Acc: 69.74% | Val Acc: 56.09%

Epoch 21/50
  Batch   10/17: loss = 1.0014, acc = 70.62%
  Batch   17/17: loss = 1.3552, acc = 71.24%
  → Loss: 0.8971 | Train Acc: 71.24% | Val Acc: 56.25%

Epoch 22/50
  Batch   10/17: loss = 0.6490, acc = 73.75%
  Batch   17/17: loss = 0.9390, acc = 73.12%
  → Loss: 0.8296 | Train Acc: 73.12% | Val Acc: 53.29%

Epoch 23/50
  Batch   10/17: loss = 0.4390, acc = 79.38%
  Batch   17/17: loss = 0.8121, acc = 78.76%
  → Loss: 0.7121 | Train Acc: 78.76% | Val Acc: 61.18%

Epoch 24/50
  Batch   10/17: loss = 1.1005, acc = 75.31%
  Batch   17/17: loss = 0.9163, acc = 76.69%
  → Loss: 0.7631 | Train Acc: 76.69% | Val Acc: 64.14%(best)

Epoch 25/50
  Batch   10/17: loss = 0.7723, acc = 78.12%
  Batch   17/17: loss = 1.0580, acc = 78.38%
  → Loss: 0.6932 | Train Acc: 78.38% | Val Acc: 65.30%(best)

Epoch 26/50
  Batch   10/17: loss = 0.8558, acc = 80.62%
  Batch   17/17: loss = 0.8522, acc = 78.01%
  → Loss: 0.7144 | Train Acc: 78.01% | Val Acc: 62.34%

Epoch 27/50
  Batch   10/17: loss = 0.5909, acc = 80.94%
  Batch   17/17: loss = 1.3761, acc = 81.20%
  → Loss: 0.6460 | Train Acc: 81.20% | Val Acc: 62.99%

Epoch 28/50
  Batch   10/17: loss = 0.5810, acc = 83.44%
  Batch   17/17: loss = 0.8904, acc = 81.77%
  → Loss: 0.6066 | Train Acc: 81.77% | Val Acc: 63.82%

Epoch 29/50
  Batch   10/17: loss = 0.7395, acc = 80.94%
  Batch   17/17: loss = 0.3734, acc = 80.64%
  → Loss: 0.6065 | Train Acc: 80.64% | Val Acc: 58.22%

Epoch 30/50
  Batch   10/17: loss = 0.6175, acc = 79.69%
  Batch   17/17: loss = 0.6661, acc = 81.77%
  → Loss: 0.5701 | Train Acc: 81.77% | Val Acc: 66.28%(best)

Epoch 31/50
  Batch   10/17: loss = 0.4985, acc = 85.31%
  Batch   17/17: loss = 0.5793, acc = 82.71%
  → Loss: 0.5445 | Train Acc: 82.71% | Val Acc: 65.95%

Epoch 32/50
  Batch   10/17: loss = 0.5742, acc = 81.88%
  Batch   17/17: loss = 0.7032, acc = 82.71%
  → Loss: 0.5290 | Train Acc: 82.71% | Val Acc: 59.70%

Epoch 33/50
  Batch   10/17: loss = 0.3365, acc = 80.31%
  Batch   17/17: loss = 0.9810, acc = 79.51%
  → Loss: 0.6146 | Train Acc: 79.51% | Val Acc: 54.44%

Epoch 34/50
  Batch   10/17: loss = 0.8359, acc = 79.38%
  Batch   17/17: loss = 0.3233, acc = 81.02%
  → Loss: 0.5663 | Train Acc: 81.02% | Val Acc: 64.64%

Epoch 35/50
  Batch   10/17: loss = 0.5178, acc = 83.75%
  Batch   17/17: loss = 0.4663, acc = 84.02%
  → Loss: 0.5074 | Train Acc: 84.02% | Val Acc: 68.26%(best)

Epoch 36/50
  Batch   10/17: loss = 0.3501, acc = 85.62%
  Batch   17/17: loss = 0.8189, acc = 83.46%
  → Loss: 0.5170 | Train Acc: 83.46% | Val Acc: 66.12%

Epoch 37/50
  Batch   10/17: loss = 0.4668, acc = 83.44%
  Batch   17/17: loss = 0.3460, acc = 84.21%
  → Loss: 0.4502 | Train Acc: 84.21% | Val Acc: 61.18%

Epoch 38/50
  Batch   10/17: loss = 0.6288, acc = 90.00%
  Batch   17/17: loss = 0.2683, acc = 89.10%
  → Loss: 0.3640 | Train Acc: 89.10% | Val Acc: 66.45%

Epoch 39/50
  Batch   10/17: loss = 0.3333, acc = 88.75%
  Batch   17/17: loss = 0.2068, acc = 87.78%
  → Loss: 0.3466 | Train Acc: 87.78% | Val Acc: 57.89%

Epoch 40/50
  Batch   10/17: loss = 0.5529, acc = 85.31%
  Batch   17/17: loss = 0.5836, acc = 84.77%
  → Loss: 0.4581 | Train Acc: 84.77% | Val Acc: 65.46%

Epoch 41/50
  Batch   10/17: loss = 0.3708, acc = 90.00%
  Batch   17/17: loss = 0.4787, acc = 90.04%
  → Loss: 0.3584 | Train Acc: 90.04% | Val Acc: 67.27%

Epoch 42/50
  Batch   10/17: loss = 0.1976, acc = 89.69%
  Batch   17/17: loss = 0.6195, acc = 88.53%
  → Loss: 0.3636 | Train Acc: 88.53% | Val Acc: 68.42%(best)

Epoch 43/50
  Batch   10/17: loss = 0.5796, acc = 89.06%
  Batch   17/17: loss = 0.3936, acc = 86.84%
  → Loss: 0.4393 | Train Acc: 86.84% | Val Acc: 58.39%

Epoch 44/50
  Batch   10/17: loss = 0.3528, acc = 89.69%
  Batch   17/17: loss = 0.4303, acc = 88.16%
  → Loss: 0.3903 | Train Acc: 88.16% | Val Acc: 64.97%

Epoch 45/50
  Batch   10/17: loss = 0.5115, acc = 90.62%
  Batch   17/17: loss = 0.4112, acc = 88.35%
  → Loss: 0.3623 | Train Acc: 88.35% | Val Acc: 64.31%

Epoch 46/50
  Batch   10/17: loss = 0.2624, acc = 88.12%
  Batch   17/17: loss = 0.4492, acc = 87.41%
  → Loss: 0.3528 | Train Acc: 87.41% | Val Acc: 68.09%

Epoch 47/50
  Batch   10/17: loss = 0.2155, acc = 92.81%
  Batch   17/17: loss = 0.5406, acc = 92.48%
  → Loss: 0.2752 | Train Acc: 92.48% | Val Acc: 70.72%(best)

Epoch 48/50
  Batch   10/17: loss = 0.2825, acc = 91.88%
  Batch   17/17: loss = 0.4434, acc = 90.41%
  → Loss: 0.3113 | Train Acc: 90.41% | Val Acc: 72.04%(best)

Epoch 49/50
  Batch   10/17: loss = 0.3285, acc = 90.00%
  Batch   17/17: loss = 0.2192, acc = 89.85%
  → Loss: 0.3245 | Train Acc: 89.85% | Val Acc: 67.27%

Epoch 50/50
  Batch   10/17: loss = 0.2529, acc = 91.88%
  Batch   17/17: loss = 0.0860, acc = 91.54%
  → Loss: 0.2647 | Train Acc: 91.54% | Val Acc: 67.27%

Saving Model...
  💾 Saved to: "output/research_pipeline/burn/plant_classifier_20260110_153007"

Training Complete!
  🎉 Best validation accuracy: 72.04%

Next steps:
  • Run inference: plantvillage_ssl infer --model "output/research_pipeline/burn/plant_classifier_20260110_153007" --input <image>
  • Benchmark: plantvillage_ssl benchmark --model "output/research_pipeline/burn/plant_classifier_20260110_153007"
[0;32m✓[0m Latest model copied to plantvillage_ssl/best_model.mpk
[0;32m✓[0m Burn training completed in 95s
[0;34m[STAGE][0m Semi-Supervised Simulation
[1;33mℹ[0m Using model: output/research_pipeline/burn/plant_classifier_20260110_153007.mpk
[1;33mℹ[0m Using ALL unlabeled images (50% of dataset) over 30 simulated days
[1;33mℹ[0m Running semi-supervised simulation with pseudo-labeling...
[1;33mℹ[0m   Confidence threshold: 0.9
[1;33mℹ[0m   Retrain threshold: 500 pseudo-labels
[1;33mℹ[0m   Retrain epochs: 20

 ╔══════════════════════════════════════════════════════════════════╗
 ║   🌱 PlantVillage Semi-Supervised Learning                           ║
 ║   Plant Disease Classification with Burn + Rust                      ║
 ║   Designed for NVIDIA Jetson Orin Nano                               ║
 ╚════════════════════════════════════════════════════════════════╝
  
[2m2026-01-10T14:30:07.968721Z[0m [32m INFO[0m Starting stream simulation
[2m2026-01-10T14:30:07.968736Z[0m [32m INFO[0m   Days: 30
[2m2026-01-10T14:30:07.968745Z[0m [32m INFO[0m   Images per day: 1000
[2m2026-01-10T14:30:07.968758Z[0m [32m INFO[0m   Confidence threshold: 0.9
[2m2026-01-10T14:30:07.968763Z[0m [32m INFO[0m   Retrain threshold: 500 images
Simulation Configuration:
  📁 Data directory:    /home/warre/Documents/howest/Semester_5/Research_Project/Source/plantvillage_ssl/data/plantvillage/balanced
  🧠 Initial model:     output/research_pipeline/burn/plant_classifier_20260110_153007.mpk
  📅 Simulated days:   30
  📷 Images per day:   1000
  🎯 Confidence threshold: 0.9
  🔄 Retrain threshold:  500 images
  💾 Output directory:   output/research_pipeline/ssl
  🖥️  Backend:          CUDA

Starting Semi-Supervised Learning Simulation...

  Device: Cuda(0)
Loading Dataset...
[2m2026-01-10T14:30:07.968816Z[0m [32m INFO[0m Loading PlantVillage dataset from: "/home/warre/Documents/howest/Semester_5/Research_Project/Source/plantvillage_ssl/data/plantvillage/balanced"
[2m2026-01-10T14:30:07.968882Z[0m [32m INFO[0m Found 38 classes
[2m2026-01-10T14:30:07.972193Z[0m [32m INFO[0m Loaded 5776 total samples
  Total samples: 5776
  Classes: 38
Creating Data Splits...
  Test set: 608 samples
  Validation set: 608 samples
  Labeled pool (CNN): 1368 samples
  Stream pool (SSL): 3192 samples
  Total unlabeled for SSL: 3192 samples
Loading Model...
  Loading checkpoint from: "output/research_pipeline/burn/plant_classifier_20260110_153007.mpk"
  ✅ Checkpoint loaded
Initializing Stream Simulator...
  Images per day: 1000
  Total unlabeled images: 3192
  📦 Pre-loading 608 images into memory (parallel)...
  ✅ Loaded 608 images into GPU-ready format

Initial Model Performance:
  Validation accuracy: 67.93%

Running Simulation...

Day 1: Processing 1000 images...
  → Accepted: 506 new pseudo-labels (precision: 92.1%)

Retraining #1 (accumulated 506 pseudo-labels)
  Training on 1874 samples (1368 labeled + 506 pseudo)
  📦 Pre-loading 1874 images into memory (parallel)...
  ✅ Loaded 1874 images into GPU-ready format
    Epoch 1/5: avg_loss = 0.7131
    Epoch 2/5: avg_loss = 0.6622
    Epoch 3/5: avg_loss = 0.6045
    Epoch 4/5: avg_loss = 0.5523
    Epoch 5/5: avg_loss = 0.5199
  → New validation accuracy: 81.25%

Day 2: Processing 1000 images...
  → Accepted: 557 new pseudo-labels (precision: 94.6%)

Retraining #2 (accumulated 557 pseudo-labels)
  Training on 1925 samples (1368 labeled + 557 pseudo)
  📦 Pre-loading 1925 images into memory (parallel)...
  ✅ Loaded 1925 images into GPU-ready format
    Epoch 1/5: avg_loss = 0.4944
    Epoch 2/5: avg_loss = 0.4817
    Epoch 3/5: avg_loss = 0.4535
    Epoch 4/5: avg_loss = 0.4514
    Epoch 5/5: avg_loss = 0.4224
  → New validation accuracy: 81.09%

Day 3: Processing 1000 images...
  → Accepted: 553 new pseudo-labels (precision: 95.5%)

Retraining #3 (accumulated 553 pseudo-labels)
  Training on 1921 samples (1368 labeled + 553 pseudo)
  📦 Pre-loading 1921 images into memory (parallel)...
  ✅ Loaded 1921 images into GPU-ready format
    Epoch 1/5: avg_loss = 0.5143
    Epoch 2/5: avg_loss = 0.4678
    Epoch 3/5: avg_loss = 0.4554
    Epoch 4/5: avg_loss = 0.4667
    Epoch 5/5: avg_loss = 0.4825
  → New validation accuracy: 81.58%

Day 4: Processing 192 images...
  → Accepted: 102 new pseudo-labels (precision: 95.7%)

Simulation Complete!

Final Results:
  Days simulated: 4
  Total images processed: 3192
  Total pseudo-labels generated: 1718
  Pseudo-label precision: 95.7%
  Retraining sessions: 3

  Initial accuracy: 67.93%
  Final accuracy: 81.58%
  Improvement: 13.65%

  Saving model to: "output/research_pipeline/ssl/plant_classifier_ssl_20260110_153157"

Simulation Summary:
  SSL improvement: 13.65%
[0;32m✓[0m Semi-supervised simulation completed
[0;34m[STAGE][0m Generating Summary Report
[0;32m✓[0m Summary report saved to: output/research_pipeline/research_summary.txt

=======================================
  RESEARCH PIPELINE SUMMARY REPORT
=======================================

Date: Sat Jan 10 03:31:57 PM CET 2026
Config: /home/warre/Documents/howest/Semester_5/Research_Project/Source/pipeline_config.yaml

Configuration (from YAML):
  - Epochs: 50
  - Batch Size: 32
  - Image Size: 224x224
  - Labeled Ratio: 0.1 (10.0%)
  - SSL Confidence Threshold: 0.9
  - Benchmark Iterations: 100

Dataset: /home/warre/Documents/howest/Semester_5/Research_Project/Source/plantvillage_ssl/data/plantvillage/balanced
Output Directory: output/research_pipeline

=======================================
  DATA SPLIT
=======================================
  - Labeled Training: 10.0%
  - Validation: 10.0%
  - Test: 10.0%
  - SSL Stream Pool: 70.0%

=======================================
  OUTPUT FILES
=======================================

=======================================
  COMPARISON CHARTS
=======================================


=======================================
  DATA FILES (JSON)
=======================================


[0;32m✓[0m Full pipeline completed!

[1;33mℹ[0m Results saved to: output/research_pipeline

[0;32m✓[0m Done!
bun install v1.2.20 (6ad208bc)

Checked 138 installs across 194 packages (no changes) [91.00ms]
$ bun tauri dev
$ tauri dev
     Running BeforeDevCommand (`bun run dev`)
$ vite dev

  VITE v6.4.1  ready in 771 ms

  ➜  Local:   http://localhost:1420/
     Running DevCommand (`cargo  run --no-default-features --color always --`)
        Info Watching /home/warre/Documents/howest/Semester_5/Research_Project/Source/plantvillage_ssl/gui/src-tauri for changes...
[1m[33mwarning[0m[1m: unused import: `BenchmarkResult`[0m
  [1m[94m--> [0m/home/warre/Documents/howest/Semester_5/Research_Project/Source/plantvillage_ssl/src/inference/jetson.rs:17:41
   [1m[94m|[0m
[1m[94m17[0m [1m[94m|[0m use super::benchmark::{BenchmarkConfig, BenchmarkResult, DeviceInfo, LatencyStats, MemoryStats};
   [1m[94m|[0m                                         [1m[33m^^^^^^^^^^^^^^^[0m
   [1m[94m|[0m
   [1m[94m= [0m[1mnote[0m: `#[warn(unused_imports)]` (part of `#[warn(unused)]`) on by default

[1m[33mwarning[0m[1m: unused import: `burn::record::CompactRecorder`[0m
  [1m[94m--> [0m/home/warre/Documents/howest/Semester_5/Research_Project/Source/plantvillage_ssl/src/training/ssl_incremental.rs:36:5
   [1m[94m|[0m
[1m[94m36[0m [1m[94m|[0m use burn::record::CompactRecorder;
   [1m[94m|[0m     [1m[33m^^^^^^^^^^^^^^^^^^^^^^^^^^^^^[0m

[1m[33mwarning[0m[1m: unused import: `crate::training::pseudo_label::PseudoLabelConfig`[0m
  [1m[94m--> [0m/home/warre/Documents/howest/Semester_5/Research_Project/Source/plantvillage_ssl/src/training/ssl_incremental.rs:45:5
   [1m[94m|[0m
[1m[94m45[0m [1m[94m|[0m use crate::training::pseudo_label::PseudoLabelConfig;
   [1m[94m|[0m     [1m[33m^^^^^^^^^^^^^^^^^^^^^^^^^^^^^^^^^^^^^^^^^^^^^^^^[0m

[1m[33mwarning[0m[1m: unused import: `Module`[0m
  [1m[94m--> [0m/home/warre/Documents/howest/Semester_5/Research_Project/Source/plantvillage_ssl/src/training/ssl_incremental.rs:33:36
   [1m[94m|[0m
[1m[94m33[0m [1m[94m|[0m use burn::module::{AutodiffModule, Module};
   [1m[94m|[0m                                    [1m[33m^^^^^^[0m

[1m[33mwarning[0m[1m: unused variable: `batcher`[0m
   [1m[94m--> [0m/home/warre/Documents/howest/Semester_5/Research_Project/Source/plantvillage_ssl/src/training/ssl_incremental.rs:175:9
    [1m[94m|[0m
[1m[94m175[0m [1m[94m|[0m     let batcher = PlantVillageBatcher::<B>::with_image_size(device.clone(), image_size);
    [1m[94m|[0m         [1m[33m^^^^^^^[0m [1m[33mhelp: if this is intentional, prefix it with an underscore: `_batcher`[0m
    [1m[94m|[0m
    [1m[94m= [0m[1mnote[0m: `#[warn(unused_variables)]` (part of `#[warn(unused)]`) on by default

[1m[33mwarning[0m[1m: unused variable: `new_class_label`[0m
   [1m[94m--> [0m/home/warre/Documents/howest/Semester_5/Research_Project/Source/plantvillage_ssl/src/training/ssl_incremental.rs:464:5
    [1m[94m|[0m
[1m[94m464[0m [1m[94m|[0m     new_class_label: usize,
    [1m[94m|[0m     [1m[33m^^^^^^^^^^^^^^^[0m [1m[33mhelp: if this is intentional, prefix it with an underscore: `_new_class_label`[0m

[1m[33mwarning[0m[1m: unused variable: `device`[0m
   [1m[94m--> [0m/home/warre/Documents/howest/Semester_5/Research_Project/Source/plantvillage_ssl/src/training/ssl_incremental.rs:481:5
    [1m[94m|[0m
[1m[94m481[0m [1m[94m|[0m     device: &B::Device,
    [1m[94m|[0m     [1m[33m^^^^^^[0m [1m[33mhelp: if this is intentional, prefix it with an underscore: `_device`[0m

[1m[33mwarning[0m[1m: unused variable: `y_min`[0m
  [1m[94m--> [0m/home/warre/Documents/howest/Semester_5/Research_Project/Source/plantvillage_ssl/src/utils/charts.rs:60:24
   [1m[94m|[0m
[1m[94m60[0m [1m[94m|[0m     let (x_min, x_max, y_min, y_max) = find_ranges(series);
   [1m[94m|[0m                        [1m[33m^^^^^[0m [1m[33mhelp: if this is intentional, prefix it with an underscore: `_y_min`[0m

[1m[33mwarning[0m[1m: unused variable: `label`[0m
   [1m[94m--> [0m/home/warre/Documents/howest/Semester_5/Research_Project/Source/plantvillage_ssl/src/utils/charts.rs:352:24
    [1m[94m|[0m
[1m[94m352[0m [1m[94m|[0m         for (bar_idx, (label, value, color)) in bars.iter().enumerate() {
    [1m[94m|[0m                        [1m[33m^^^^^[0m [1m[33mhelp: if this is intentional, prefix it with an underscore: `_label`[0m

[1m[33mwarning[0m[1m: field `device` is never read[0m
   [1m[94m--> [0m/home/warre/Documents/howest/Semester_5/Research_Project/Source/plantvillage_ssl/src/dataset/burn_dataset.rs:209:5
    [1m[94m|[0m
[1m[94m208[0m [1m[94m|[0m pub struct PlantVillageBatcher<B: Backend> {
    [1m[94m|[0m            [1m[94m-------------------[0m [1m[94mfield in this struct[0m
[1m[94m209[0m [1m[94m|[0m     device: B::Device,
    [1m[94m|[0m     [1m[33m^^^^^^[0m
    [1m[94m|[0m
    [1m[94m= [0m[1mnote[0m: `PlantVillageBatcher` has derived impls for the traits `Debug` and `Clone`, but these are intentionally ignored during dead code analysis
    [1m[94m= [0m[1mnote[0m: `#[warn(dead_code)]` (part of `#[warn(unused)]`) on by default

[1m[33mwarning[0m[1m: field `device` is never read[0m
   [1m[94m--> [0m/home/warre/Documents/howest/Semester_5/Research_Project/Source/plantvillage_ssl/src/dataset/burn_dataset.rs:316:5
    [1m[94m|[0m
[1m[94m315[0m [1m[94m|[0m pub struct PseudoLabelBatcher<B: Backend> {
    [1m[94m|[0m            [1m[94m------------------[0m [1m[94mfield in this struct[0m
[1m[94m316[0m [1m[94m|[0m     device: B::Device,
    [1m[94m|[0m     [1m[33m^^^^^^[0m
    [1m[94m|[0m
    [1m[94m= [0m[1mnote[0m: `PseudoLabelBatcher` has derived impls for the traits `Debug` and `Clone`, but these are intentionally ignored during dead code analysis

[1m[33mwarning[0m[1m: field `running` is never read[0m
   [1m[94m--> [0m/home/warre/Documents/howest/Semester_5/Research_Project/Source/plantvillage_ssl/src/inference/jetson.rs:281:5
    [1m[94m|[0m
[1m[94m278[0m [1m[94m|[0m pub struct PowerMonitor {
    [1m[94m|[0m            [1m[94m------------[0m [1m[94mfield in this struct[0m
[1m[94m...[0m
[1m[94m281[0m [1m[94m|[0m     running: bool,
    [1m[94m|[0m     [1m[33m^^^^^^^[0m

[1m[33mwarning[0m[1m: constant `COLOR_PRIMARY` is never used[0m
  [1m[94m--> [0m/home/warre/Documents/howest/Semester_5/Research_Project/Source/plantvillage_ssl/src/utils/charts.rs:17:7
   [1m[94m|[0m
[1m[94m17[0m [1m[94m|[0m const COLOR_PRIMARY: &str = "#3498db";
   [1m[94m|[0m       [1m[33m^^^^^^^^^^^^^[0m

[1m[33mwarning[0m[1m: constant `COLOR_SECONDARY` is never used[0m
  [1m[94m--> [0m/home/warre/Documents/howest/Semester_5/Research_Project/Source/plantvillage_ssl/src/utils/charts.rs:18:7
   [1m[94m|[0m
[1m[94m18[0m [1m[94m|[0m const COLOR_SECONDARY: &str = "#2ecc71";
   [1m[94m|[0m       [1m[33m^^^^^^^^^^^^^^^[0m

[1m[33mwarning[0m[1m: constant `COLOR_TERTIARY` is never used[0m
  [1m[94m--> [0m/home/warre/Documents/howest/Semester_5/Research_Project/Source/plantvillage_ssl/src/utils/charts.rs:19:7
   [1m[94m|[0m
[1m[94m19[0m [1m[94m|[0m const COLOR_TERTIARY: &str = "#e74c3c";
   [1m[94m|[0m       [1m[33m^^^^^^^^^^^^^^[0m

[1m[33mwarning[0m: `plantvillage_ssl` (lib) generated 15 warnings (run `cargo fix --lib -p plantvillage_ssl` to apply 8 suggestions)
[1m[92m   Compiling[0m plantvillage-gui v0.1.0 (/home/warre/Documents/howest/Semester_5/Research_Project/Source/plantvillage_ssl/gui/src-tauri)
[1m[96m    Building[0m [=======================> ] 868/870: plantvillage-gui            [K[1m[33mwarning[0m[1m: unused import: `std::sync::Arc`[0m
 [1m[94m--> [0msrc/state.rs:7:5
  [1m[94m|[0m
[1m[94m7[0m [1m[94m|[0m use std::sync::Arc;
  [1m[94m|[0m     [1m[33m^^^^^^^^^^^^^^[0m
  [1m[94m|[0m
  [1m[94m= [0m[1mnote[0m: `#[warn(unused_imports)]` (part of `#[warn(unused)]`) on by default

[1m[96m    Building[0m [=======================> ] 868/870: plantvillage-gui            [K[1m[33mwarning[0m[1m: unused variable: `most_predicted_count`[0m
   [1m[94m--> [0msrc/commands/diagnostics.rs:225:32
    [1m[94m|[0m
[1m[94m225[0m [1m[94m|[0m     let (most_predicted_class, most_predicted_count) = class_predictions
    [1m[94m|[0m                                [1m[33m^^^^^^^^^^^^^^^^^^^^[0m [1m[33mhelp: if this is intentional, prefix it with an underscore: `_most_predicted_count`[0m
    [1m[94m|[0m
    [1m[94m= [0m[1mnote[0m: `#[warn(unused_variables)]` (part of `#[warn(unused)]`) on by default

[1m[96m    Building[0m [=======================> ] 868/870: plantvillage-gui            [K[1m[33mwarning[0m[1m: struct `DayUpdate` is never constructed[0m
  [1m[94m--> [0msrc/commands/simulation.rs:39:12
   [1m[94m|[0m
[1m[94m39[0m [1m[94m|[0m pub struct DayUpdate {
   [1m[94m|[0m            [1m[33m^^^^^^^^^[0m
   [1m[94m|[0m
   [1m[94m= [0m[1mnote[0m: `#[warn(dead_code)]` (part of `#[warn(unused)]`) on by default

[1m[33mwarning[0m[1m: struct `RetrainEvent` is never constructed[0m
  [1m[94m--> [0msrc/commands/simulation.rs:51:12
   [1m[94m|[0m
[1m[94m51[0m [1m[94m|[0m pub struct RetrainEvent {
   [1m[94m|[0m            [1m[33m^^^^^^^^^^^^[0m

[1m[96m    Building[0m [=======================> ] 868/870: plantvillage-gui            [K[1m[33mwarning[0m: `plantvillage-gui` (lib) generated 4 warnings (run `cargo fix --lib -p plantvillage-gui` to apply 2 suggestions)
[1m[96m    Building[0m [=======================> ] 869/870: plantvillage-gui(bin)       [K[1m[92m    Finished[0m ]8;;https://doc.rust-lang.org/cargo/reference/profiles.html#default-profiles\`dev` profile [unoptimized + debuginfo]]8;;\ target(s) in 31.90s
[1m[92m     Running[0m `target/debug/plantvillage-gui`
3:32:33 PM [vite-plugin-svelte] src/lib/pages/Dashboard.svelte:243:28 `<svelte:component>` is deprecated in runes mode — components are dynamic by default
https://svelte.dev/e/svelte_component_deprecated
3:32:33 PM [vite-plugin-svelte] src/lib/pages/Training.svelte:169:10 A form label must be associated with a control
https://svelte.dev/e/a11y_label_has_associated_control
3:32:33 PM [vite-plugin-svelte] src/lib/pages/Training.svelte:173:10 A form label must be associated with a control
https://svelte.dev/e/a11y_label_has_associated_control
3:32:33 PM [vite-plugin-svelte] src/lib/pages/Training.svelte:177:10 A form label must be associated with a control
https://svelte.dev/e/a11y_label_has_associated_control
3:32:33 PM [vite-plugin-svelte] src/lib/pages/Training.svelte:181:10 A form label must be associated with a control
https://svelte.dev/e/a11y_label_has_associated_control
3:32:33 PM [vite-plugin-svelte] src/lib/pages/Training.svelte:185:10 A form label must be associated with a control
https://svelte.dev/e/a11y_label_has_associated_control
3:32:33 PM [vite-plugin-svelte] src/lib/pages/Training.svelte:189:10 A form label must be associated with a control
https://svelte.dev/e/a11y_label_has_associated_control
3:32:33 PM [vite-plugin-svelte] src/lib/pages/Simulation.svelte:146:10 A form label must be associated with a control
https://svelte.dev/e/a11y_label_has_associated_control
3:32:33 PM [vite-plugin-svelte] src/lib/pages/Simulation.svelte:150:10 A form label must be associated with a control
https://svelte.dev/e/a11y_label_has_associated_control
3:32:33 PM [vite-plugin-svelte] src/lib/pages/Simulation.svelte:154:10 A form label must be associated with a control
https://svelte.dev/e/a11y_label_has_associated_control
3:32:33 PM [vite-plugin-svelte] src/lib/pages/Simulation.svelte:158:10 A form label must be associated with a control
https://svelte.dev/e/a11y_label_has_associated_control
3:32:33 PM [vite-plugin-svelte] src/lib/pages/Simulation.svelte:162:10 A form label must be associated with a control
https://svelte.dev/e/a11y_label_has_associated_control
3:32:33 PM [vite-plugin-svelte] src/lib/pages/Simulation.svelte:166:10 A form label must be associated with a control
https://svelte.dev/e/a11y_label_has_associated_control
3:32:33 PM [vite-plugin-svelte] src/lib/pages/IncrementalLearning.svelte:150:16 A form label must be associated with a control
https://svelte.dev/e/a11y_label_has_associated_control
3:32:33 PM [vite-plugin-svelte] src/lib/pages/IncrementalLearning.svelte:168:16 A form label must be associated with a control
https://svelte.dev/e/a11y_label_has_associated_control
3:32:33 PM [vite-plugin-svelte] src/lib/pages/IncrementalLearning.svelte:191:20 A form label must be associated with a control
https://svelte.dev/e/a11y_label_has_associated_control
3:32:33 PM [vite-plugin-svelte] src/lib/pages/IncrementalLearning.svelte:201:20 A form label must be associated with a control
https://svelte.dev/e/a11y_label_has_associated_control
3:32:33 PM [vite-plugin-svelte] src/lib/pages/IncrementalLearning.svelte:211:20 A form label must be associated with a control
https://svelte.dev/e/a11y_label_has_associated_control
3:32:33 PM [vite-plugin-svelte] src/lib/pages/IncrementalLearning.svelte:225:20 A form label must be associated with a control
https://svelte.dev/e/a11y_label_has_associated_control
3:32:33 PM [vite-plugin-svelte] src/lib/pages/IncrementalLearning.svelte:227:24 A form label must be associated with a control
https://svelte.dev/e/a11y_label_has_associated_control
3:32:33 PM [vite-plugin-svelte] src/lib/pages/IncrementalLearning.svelte:240:20 A form label must be associated with a control
https://svelte.dev/e/a11y_label_has_associated_control
3:32:33 PM [vite-plugin-svelte] src/lib/pages/IncrementalLearning.svelte:242:24 A form label must be associated with a control
https://svelte.dev/e/a11y_label_has_associated_control
3:32:33 PM [vite-plugin-svelte] src/lib/pages/IncrementalLearning.svelte:255:20 A form label must be associated with a control
https://svelte.dev/e/a11y_label_has_associated_control
3:32:33 PM [vite-plugin-svelte] src/lib/pages/IncrementalLearning.svelte:257:24 A form label must be associated with a control
https://svelte.dev/e/a11y_label_has_associated_control
3:32:33 PM [vite-plugin-svelte] src/lib/pages/PseudoLabel.svelte:116:8 A form label must be associated with a control
https://svelte.dev/e/a11y_label_has_associated_control
3:32:33 PM [vite-plugin-svelte] src/lib/pages/PseudoLabel.svelte:132:8 A form label must be associated with a control
https://svelte.dev/e/a11y_label_has_associated_control
3:32:33 PM [vite-plugin-svelte] src/lib/pages/PseudoLabel.svelte:137:8 A form label must be associated with a control
https://svelte.dev/e/a11y_label_has_associated_control
3:32:33 PM [vite-plugin-svelte] src/lib/pages/Benchmark.svelte:97:10 A form label must be associated with a control
https://svelte.dev/e/a11y_label_has_associated_control
3:32:33 PM [vite-plugin-svelte] src/lib/pages/Benchmark.svelte:101:10 A form label must be associated with a control
https://svelte.dev/e/a11y_label_has_associated_control
3:32:33 PM [vite-plugin-svelte] src/lib/pages/Benchmark.svelte:105:10 A form label must be associated with a control
https://svelte.dev/e/a11y_label_has_associated_control
3:32:33 PM [vite-plugin-svelte] src/lib/pages/Benchmark.svelte:109:10 A form label must be associated with a control
https://svelte.dev/e/a11y_label_has_associated_control
3:32:33 PM [vite-plugin-svelte] src/lib/pages/Diagnostics.svelte:173:8 A form label must be associated with a control
https://svelte.dev/e/a11y_label_has_associated_control
3:32:33 PM [vite-plugin-svelte] src/lib/pages/Diagnostics.svelte:185:8 A form label must be associated with a control
https://svelte.dev/e/a11y_label_has_associated_control
3:32:34 PM [vite-plugin-svelte] src/lib/components/ProgressRing.svelte:12:18 This reference only captures the initial value of `size`. Did you mean to reference it inside a closure instead?
https://svelte.dev/e/state_referenced_locally
3:32:34 PM [vite-plugin-svelte] src/lib/components/ProgressRing.svelte:12:25 This reference only captures the initial value of `strokeWidth`. Did you mean to reference it inside a closure instead?
https://svelte.dev/e/state_referenced_locally

[1;31m[404] GET /icons/32x32.png[0m
        Info File src-tauri/src/commands/diagnostics.rs changed. Rebuilding application...
     Running DevCommand (`cargo  run --no-default-features --color always --`)
[1m[33mwarning[0m[1m: unused import: `BenchmarkResult`[0m
  [1m[94m--> [0m/home/warre/Documents/howest/Semester_5/Research_Project/Source/plantvillage_ssl/src/inference/jetson.rs:17:41
   [1m[94m|[0m
[1m[94m17[0m [1m[94m|[0m use super::benchmark::{BenchmarkConfig, BenchmarkResult, DeviceInfo, LatencyStats, MemoryStats};
   [1m[94m|[0m                                         [1m[33m^^^^^^^^^^^^^^^[0m
   [1m[94m|[0m
   [1m[94m= [0m[1mnote[0m: `#[warn(unused_imports)]` (part of `#[warn(unused)]`) on by default

[1m[33mwarning[0m[1m: unused import: `burn::record::CompactRecorder`[0m
  [1m[94m--> [0m/home/warre/Documents/howest/Semester_5/Research_Project/Source/plantvillage_ssl/src/training/ssl_incremental.rs:36:5
   [1m[94m|[0m
[1m[94m36[0m [1m[94m|[0m use burn::record::CompactRecorder;
   [1m[94m|[0m     [1m[33m^^^^^^^^^^^^^^^^^^^^^^^^^^^^^[0m

[1m[33mwarning[0m[1m: unused import: `crate::training::pseudo_label::PseudoLabelConfig`[0m
  [1m[94m--> [0m/home/warre/Documents/howest/Semester_5/Research_Project/Source/plantvillage_ssl/src/training/ssl_incremental.rs:45:5
   [1m[94m|[0m
[1m[94m45[0m [1m[94m|[0m use crate::training::pseudo_label::PseudoLabelConfig;
   [1m[94m|[0m     [1m[33m^^^^^^^^^^^^^^^^^^^^^^^^^^^^^^^^^^^^^^^^^^^^^^^^[0m

[1m[33mwarning[0m[1m: unused import: `Module`[0m
  [1m[94m--> [0m/home/warre/Documents/howest/Semester_5/Research_Project/Source/plantvillage_ssl/src/training/ssl_incremental.rs:33:36
   [1m[94m|[0m
[1m[94m33[0m [1m[94m|[0m use burn::module::{AutodiffModule, Module};
   [1m[94m|[0m                                    [1m[33m^^^^^^[0m

[1m[33mwarning[0m[1m: unused variable: `batcher`[0m
   [1m[94m--> [0m/home/warre/Documents/howest/Semester_5/Research_Project/Source/plantvillage_ssl/src/training/ssl_incremental.rs:175:9
    [1m[94m|[0m
[1m[94m175[0m [1m[94m|[0m     let batcher = PlantVillageBatcher::<B>::with_image_size(device.clone(), image_size);
    [1m[94m|[0m         [1m[33m^^^^^^^[0m [1m[33mhelp: if this is intentional, prefix it with an underscore: `_batcher`[0m
    [1m[94m|[0m
    [1m[94m= [0m[1mnote[0m: `#[warn(unused_variables)]` (part of `#[warn(unused)]`) on by default

[1m[33mwarning[0m[1m: unused variable: `new_class_label`[0m
   [1m[94m--> [0m/home/warre/Documents/howest/Semester_5/Research_Project/Source/plantvillage_ssl/src/training/ssl_incremental.rs:464:5
    [1m[94m|[0m
[1m[94m464[0m [1m[94m|[0m     new_class_label: usize,
    [1m[94m|[0m     [1m[33m^^^^^^^^^^^^^^^[0m [1m[33mhelp: if this is intentional, prefix it with an underscore: `_new_class_label`[0m

[1m[33mwarning[0m[1m: unused variable: `device`[0m
   [1m[94m--> [0m/home/warre/Documents/howest/Semester_5/Research_Project/Source/plantvillage_ssl/src/training/ssl_incremental.rs:481:5
    [1m[94m|[0m
[1m[94m481[0m [1m[94m|[0m     device: &B::Device,
    [1m[94m|[0m     [1m[33m^^^^^^[0m [1m[33mhelp: if this is intentional, prefix it with an underscore: `_device`[0m

[1m[33mwarning[0m[1m: unused variable: `y_min`[0m
  [1m[94m--> [0m/home/warre/Documents/howest/Semester_5/Research_Project/Source/plantvillage_ssl/src/utils/charts.rs:60:24
   [1m[94m|[0m
[1m[94m60[0m [1m[94m|[0m     let (x_min, x_max, y_min, y_max) = find_ranges(series);
   [1m[94m|[0m                        [1m[33m^^^^^[0m [1m[33mhelp: if this is intentional, prefix it with an underscore: `_y_min`[0m

[1m[33mwarning[0m[1m: unused variable: `label`[0m
   [1m[94m--> [0m/home/warre/Documents/howest/Semester_5/Research_Project/Source/plantvillage_ssl/src/utils/charts.rs:352:24
    [1m[94m|[0m
[1m[94m352[0m [1m[94m|[0m         for (bar_idx, (label, value, color)) in bars.iter().enumerate() {
    [1m[94m|[0m                        [1m[33m^^^^^[0m [1m[33mhelp: if this is intentional, prefix it with an underscore: `_label`[0m

[1m[33mwarning[0m[1m: field `device` is never read[0m
   [1m[94m--> [0m/home/warre/Documents/howest/Semester_5/Research_Project/Source/plantvillage_ssl/src/dataset/burn_dataset.rs:209:5
    [1m[94m|[0m
[1m[94m208[0m [1m[94m|[0m pub struct PlantVillageBatcher<B: Backend> {
    [1m[94m|[0m            [1m[94m-------------------[0m [1m[94mfield in this struct[0m
[1m[94m209[0m [1m[94m|[0m     device: B::Device,
    [1m[94m|[0m     [1m[33m^^^^^^[0m
    [1m[94m|[0m
    [1m[94m= [0m[1mnote[0m: `PlantVillageBatcher` has derived impls for the traits `Debug` and `Clone`, but these are intentionally ignored during dead code analysis
    [1m[94m= [0m[1mnote[0m: `#[warn(dead_code)]` (part of `#[warn(unused)]`) on by default

[1m[33mwarning[0m[1m: field `device` is never read[0m
   [1m[94m--> [0m/home/warre/Documents/howest/Semester_5/Research_Project/Source/plantvillage_ssl/src/dataset/burn_dataset.rs:316:5
    [1m[94m|[0m
[1m[94m315[0m [1m[94m|[0m pub struct PseudoLabelBatcher<B: Backend> {
    [1m[94m|[0m            [1m[94m------------------[0m [1m[94mfield in this struct[0m
[1m[94m316[0m [1m[94m|[0m     device: B::Device,
    [1m[94m|[0m     [1m[33m^^^^^^[0m
    [1m[94m|[0m
    [1m[94m= [0m[1mnote[0m: `PseudoLabelBatcher` has derived impls for the traits `Debug` and `Clone`, but these are intentionally ignored during dead code analysis

[1m[33mwarning[0m[1m: field `running` is never read[0m
   [1m[94m--> [0m/home/warre/Documents/howest/Semester_5/Research_Project/Source/plantvillage_ssl/src/inference/jetson.rs:281:5
    [1m[94m|[0m
[1m[94m278[0m [1m[94m|[0m pub struct PowerMonitor {
    [1m[94m|[0m            [1m[94m------------[0m [1m[94mfield in this struct[0m
[1m[94m...[0m
[1m[94m281[0m [1m[94m|[0m     running: bool,
    [1m[94m|[0m     [1m[33m^^^^^^^[0m

[1m[33mwarning[0m[1m: constant `COLOR_PRIMARY` is never used[0m
  [1m[94m--> [0m/home/warre/Documents/howest/Semester_5/Research_Project/Source/plantvillage_ssl/src/utils/charts.rs:17:7
   [1m[94m|[0m
[1m[94m17[0m [1m[94m|[0m const COLOR_PRIMARY: &str = "#3498db";
   [1m[94m|[0m       [1m[33m^^^^^^^^^^^^^[0m

[1m[33mwarning[0m[1m: constant `COLOR_SECONDARY` is never used[0m
  [1m[94m--> [0m/home/warre/Documents/howest/Semester_5/Research_Project/Source/plantvillage_ssl/src/utils/charts.rs:18:7
   [1m[94m|[0m
[1m[94m18[0m [1m[94m|[0m const COLOR_SECONDARY: &str = "#2ecc71";
   [1m[94m|[0m       [1m[33m^^^^^^^^^^^^^^^[0m

[1m[33mwarning[0m[1m: constant `COLOR_TERTIARY` is never used[0m
  [1m[94m--> [0m/home/warre/Documents/howest/Semester_5/Research_Project/Source/plantvillage_ssl/src/utils/charts.rs:19:7
   [1m[94m|[0m
[1m[94m19[0m [1m[94m|[0m const COLOR_TERTIARY: &str = "#e74c3c";
   [1m[94m|[0m       [1m[33m^^^^^^^^^^^^^^[0m

[1m[33mwarning[0m: `plantvillage_ssl` (lib) generated 15 warnings (run `cargo fix --lib -p plantvillage_ssl` to apply 8 suggestions)
[1m[92m   Compiling[0m plantvillage-gui v0.1.0 (/home/warre/Documents/howest/Semester_5/Research_Project/Source/plantvillage_ssl/gui/src-tauri)
[1m[96m    Building[0m [=======================> ] 868/870: plantvillage-gui            [K[1m[33mwarning[0m[1m: unused import: `rand::seq::SliceRandom`[0m
  [1m[94m--> [0msrc/commands/diagnostics.rs:16:5
   [1m[94m|[0m
[1m[94m16[0m [1m[94m|[0m use rand::seq::SliceRandom;
   [1m[94m|[0m     [1m[33m^^^^^^^^^^^^^^^^^^^^^^[0m
   [1m[94m|[0m
   [1m[94m= [0m[1mnote[0m: `#[warn(unused_imports)]` (part of `#[warn(unused)]`) on by default

[1m[96m    Building[0m [=======================> ] 868/870: plantvillage-gui            [K[1m[33mwarning[0m[1m: unused import: `std::sync::Arc`[0m
 [1m[94m--> [0msrc/state.rs:7:5
  [1m[94m|[0m
[1m[94m7[0m [1m[94m|[0m use std::sync::Arc;
  [1m[94m|[0m     [1m[33m^^^^^^^^^^^^^^[0m

[1m[96m    Building[0m [=======================> ] 868/870: plantvillage-gui            [K[1m[33mwarning[0m[1m: unused variable: `most_predicted_count`[0m
   [1m[94m--> [0msrc/commands/diagnostics.rs:226:32
    [1m[94m|[0m
[1m[94m226[0m [1m[94m|[0m     let (most_predicted_class, most_predicted_count) = class_predictions
    [1m[94m|[0m                                [1m[33m^^^^^^^^^^^^^^^^^^^^[0m [1m[33mhelp: if this is intentional, prefix it with an underscore: `_most_predicted_count`[0m
    [1m[94m|[0m
    [1m[94m= [0m[1mnote[0m: `#[warn(unused_variables)]` (part of `#[warn(unused)]`) on by default

[1m[96m    Building[0m [=======================> ] 868/870: plantvillage-gui            [K[1m[33mwarning[0m[1m: struct `DayUpdate` is never constructed[0m
  [1m[94m--> [0msrc/commands/simulation.rs:39:12
   [1m[94m|[0m
[1m[94m39[0m [1m[94m|[0m pub struct DayUpdate {
   [1m[94m|[0m            [1m[33m^^^^^^^^^[0m
   [1m[94m|[0m
   [1m[94m= [0m[1mnote[0m: `#[warn(dead_code)]` (part of `#[warn(unused)]`) on by default

[1m[33mwarning[0m[1m: struct `RetrainEvent` is never constructed[0m
  [1m[94m--> [0msrc/commands/simulation.rs:51:12
   [1m[94m|[0m
[1m[94m51[0m [1m[94m|[0m pub struct RetrainEvent {
   [1m[94m|[0m            [1m[33m^^^^^^^^^^^^[0m

[1m[96m    Building[0m [=======================> ] 868/870: plantvillage-gui                    Info File src-tauri/src/commands/diagnostics.rs changed. Rebuilding application...
     Running DevCommand (`cargo  run --no-default-features --color always --`)
[1m[33mwarning[0m[1m: unused import: `BenchmarkResult`[0m
  [1m[94m--> [0m/home/warre/Documents/howest/Semester_5/Research_Project/Source/plantvillage_ssl/src/inference/jetson.rs:17:41
   [1m[94m|[0m
[1m[94m17[0m [1m[94m|[0m use super::benchmark::{BenchmarkConfig, BenchmarkResult, DeviceInfo, LatencyStats, MemoryStats};
   [1m[94m|[0m                                         [1m[33m^^^^^^^^^^^^^^^[0m
   [1m[94m|[0m
   [1m[94m= [0m[1mnote[0m: `#[warn(unused_imports)]` (part of `#[warn(unused)]`) on by default

[1m[33mwarning[0m[1m: unused import: `burn::record::CompactRecorder`[0m
  [1m[94m--> [0m/home/warre/Documents/howest/Semester_5/Research_Project/Source/plantvillage_ssl/src/training/ssl_incremental.rs:36:5
   [1m[94m|[0m
[1m[94m36[0m [1m[94m|[0m use burn::record::CompactRecorder;
   [1m[94m|[0m     [1m[33m^^^^^^^^^^^^^^^^^^^^^^^^^^^^^[0m

[1m[33mwarning[0m[1m: unused import: `crate::training::pseudo_label::PseudoLabelConfig`[0m
  [1m[94m--> [0m/home/warre/Documents/howest/Semester_5/Research_Project/Source/plantvillage_ssl/src/training/ssl_incremental.rs:45:5
   [1m[94m|[0m
[1m[94m45[0m [1m[94m|[0m use crate::training::pseudo_label::PseudoLabelConfig;
   [1m[94m|[0m     [1m[33m^^^^^^^^^^^^^^^^^^^^^^^^^^^^^^^^^^^^^^^^^^^^^^^^[0m

[1m[33mwarning[0m[1m: unused import: `Module`[0m
  [1m[94m--> [0m/home/warre/Documents/howest/Semester_5/Research_Project/Source/plantvillage_ssl/src/training/ssl_incremental.rs:33:36
   [1m[94m|[0m
[1m[94m33[0m [1m[94m|[0m use burn::module::{AutodiffModule, Module};
   [1m[94m|[0m                                    [1m[33m^^^^^^[0m

[1m[33mwarning[0m[1m: unused variable: `batcher`[0m
   [1m[94m--> [0m/home/warre/Documents/howest/Semester_5/Research_Project/Source/plantvillage_ssl/src/training/ssl_incremental.rs:175:9
    [1m[94m|[0m
[1m[94m175[0m [1m[94m|[0m     let batcher = PlantVillageBatcher::<B>::with_image_size(device.clone(), image_size);
    [1m[94m|[0m         [1m[33m^^^^^^^[0m [1m[33mhelp: if this is intentional, prefix it with an underscore: `_batcher`[0m
    [1m[94m|[0m
    [1m[94m= [0m[1mnote[0m: `#[warn(unused_variables)]` (part of `#[warn(unused)]`) on by default

[1m[33mwarning[0m[1m: unused variable: `new_class_label`[0m
   [1m[94m--> [0m/home/warre/Documents/howest/Semester_5/Research_Project/Source/plantvillage_ssl/src/training/ssl_incremental.rs:464:5
    [1m[94m|[0m
[1m[94m464[0m [1m[94m|[0m     new_class_label: usize,
    [1m[94m|[0m     [1m[33m^^^^^^^^^^^^^^^[0m [1m[33mhelp: if this is intentional, prefix it with an underscore: `_new_class_label`[0m

[1m[33mwarning[0m[1m: unused variable: `device`[0m
   [1m[94m--> [0m/home/warre/Documents/howest/Semester_5/Research_Project/Source/plantvillage_ssl/src/training/ssl_incremental.rs:481:5
    [1m[94m|[0m
[1m[94m481[0m [1m[94m|[0m     device: &B::Device,
    [1m[94m|[0m     [1m[33m^^^^^^[0m [1m[33mhelp: if this is intentional, prefix it with an underscore: `_device`[0m

[1m[33mwarning[0m[1m: unused variable: `y_min`[0m
  [1m[94m--> [0m/home/warre/Documents/howest/Semester_5/Research_Project/Source/plantvillage_ssl/src/utils/charts.rs:60:24
   [1m[94m|[0m
[1m[94m60[0m [1m[94m|[0m     let (x_min, x_max, y_min, y_max) = find_ranges(series);
   [1m[94m|[0m                        [1m[33m^^^^^[0m [1m[33mhelp: if this is intentional, prefix it with an underscore: `_y_min`[0m

[1m[33mwarning[0m[1m: unused variable: `label`[0m
   [1m[94m--> [0m/home/warre/Documents/howest/Semester_5/Research_Project/Source/plantvillage_ssl/src/utils/charts.rs:352:24
    [1m[94m|[0m
[1m[94m352[0m [1m[94m|[0m         for (bar_idx, (label, value, color)) in bars.iter().enumerate() {
    [1m[94m|[0m                        [1m[33m^^^^^[0m [1m[33mhelp: if this is intentional, prefix it with an underscore: `_label`[0m

[1m[33mwarning[0m[1m: field `device` is never read[0m
   [1m[94m--> [0m/home/warre/Documents/howest/Semester_5/Research_Project/Source/plantvillage_ssl/src/dataset/burn_dataset.rs:209:5
    [1m[94m|[0m
[1m[94m208[0m [1m[94m|[0m pub struct PlantVillageBatcher<B: Backend> {
    [1m[94m|[0m            [1m[94m-------------------[0m [1m[94mfield in this struct[0m
[1m[94m209[0m [1m[94m|[0m     device: B::Device,
    [1m[94m|[0m     [1m[33m^^^^^^[0m
    [1m[94m|[0m
    [1m[94m= [0m[1mnote[0m: `PlantVillageBatcher` has derived impls for the traits `Debug` and `Clone`, but these are intentionally ignored during dead code analysis
    [1m[94m= [0m[1mnote[0m: `#[warn(dead_code)]` (part of `#[warn(unused)]`) on by default

[1m[33mwarning[0m[1m: field `device` is never read[0m
   [1m[94m--> [0m/home/warre/Documents/howest/Semester_5/Research_Project/Source/plantvillage_ssl/src/dataset/burn_dataset.rs:316:5
    [1m[94m|[0m
[1m[94m315[0m [1m[94m|[0m pub struct PseudoLabelBatcher<B: Backend> {
    [1m[94m|[0m            [1m[94m------------------[0m [1m[94mfield in this struct[0m
[1m[94m316[0m [1m[94m|[0m     device: B::Device,
    [1m[94m|[0m     [1m[33m^^^^^^[0m
    [1m[94m|[0m
    [1m[94m= [0m[1mnote[0m: `PseudoLabelBatcher` has derived impls for the traits `Debug` and `Clone`, but these are intentionally ignored during dead code analysis

[1m[33mwarning[0m[1m: field `running` is never read[0m
   [1m[94m--> [0m/home/warre/Documents/howest/Semester_5/Research_Project/Source/plantvillage_ssl/src/inference/jetson.rs:281:5
    [1m[94m|[0m
[1m[94m278[0m [1m[94m|[0m pub struct PowerMonitor {
    [1m[94m|[0m            [1m[94m------------[0m [1m[94mfield in this struct[0m
[1m[94m...[0m
[1m[94m281[0m [1m[94m|[0m     running: bool,
    [1m[94m|[0m     [1m[33m^^^^^^^[0m

[1m[33mwarning[0m[1m: constant `COLOR_PRIMARY` is never used[0m
  [1m[94m--> [0m/home/warre/Documents/howest/Semester_5/Research_Project/Source/plantvillage_ssl/src/utils/charts.rs:17:7
   [1m[94m|[0m
[1m[94m17[0m [1m[94m|[0m const COLOR_PRIMARY: &str = "#3498db";
   [1m[94m|[0m       [1m[33m^^^^^^^^^^^^^[0m

[1m[33mwarning[0m[1m: constant `COLOR_SECONDARY` is never used[0m
  [1m[94m--> [0m/home/warre/Documents/howest/Semester_5/Research_Project/Source/plantvillage_ssl/src/utils/charts.rs:18:7
   [1m[94m|[0m
[1m[94m18[0m [1m[94m|[0m const COLOR_SECONDARY: &str = "#2ecc71";
   [1m[94m|[0m       [1m[33m^^^^^^^^^^^^^^^[0m

[1m[33mwarning[0m[1m: constant `COLOR_TERTIARY` is never used[0m
  [1m[94m--> [0m/home/warre/Documents/howest/Semester_5/Research_Project/Source/plantvillage_ssl/src/utils/charts.rs:19:7
   [1m[94m|[0m
[1m[94m19[0m [1m[94m|[0m const COLOR_TERTIARY: &str = "#e74c3c";
   [1m[94m|[0m       [1m[33m^^^^^^^^^^^^^^[0m

[1m[33mwarning[0m: `plantvillage_ssl` (lib) generated 15 warnings (run `cargo fix --lib -p plantvillage_ssl` to apply 8 suggestions)
[1m[92m   Compiling[0m plantvillage-gui v0.1.0 (/home/warre/Documents/howest/Semester_5/Research_Project/Source/plantvillage_ssl/gui/src-tauri)
[1m[96m    Building[0m [=======================> ] 868/870: plantvillage-gui            [K[1m[33mwarning[0m[1m: unused import: `std::sync::Arc`[0m
 [1m[94m--> [0msrc/state.rs:7:5
  [1m[94m|[0m
[1m[94m7[0m [1m[94m|[0m use std::sync::Arc;
  [1m[94m|[0m     [1m[33m^^^^^^^^^^^^^^[0m
  [1m[94m|[0m
  [1m[94m= [0m[1mnote[0m: `#[warn(unused_imports)]` (part of `#[warn(unused)]`) on by default

[1m[96m    Building[0m [=======================> ] 868/870: plantvillage-gui            [K[1m[33mwarning[0m[1m: unused variable: `most_predicted_count`[0m
   [1m[94m--> [0msrc/commands/diagnostics.rs:232:32
    [1m[94m|[0m
[1m[94m232[0m [1m[94m|[0m     let (most_predicted_class, most_predicted_count) = class_predictions
    [1m[94m|[0m                                [1m[33m^^^^^^^^^^^^^^^^^^^^[0m [1m[33mhelp: if this is intentional, prefix it with an underscore: `_most_predicted_count`[0m
    [1m[94m|[0m
    [1m[94m= [0m[1mnote[0m: `#[warn(unused_variables)]` (part of `#[warn(unused)]`) on by default

[1m[96m    Building[0m [=======================> ] 868/870: plantvillage-gui            [K[1m[33mwarning[0m[1m: struct `DayUpdate` is never constructed[0m
  [1m[94m--> [0msrc/commands/simulation.rs:39:12
   [1m[94m|[0m
[1m[94m39[0m [1m[94m|[0m pub struct DayUpdate {
   [1m[94m|[0m            [1m[33m^^^^^^^^^[0m
   [1m[94m|[0m
   [1m[94m= [0m[1mnote[0m: `#[warn(dead_code)]` (part of `#[warn(unused)]`) on by default

[1m[33mwarning[0m[1m: struct `RetrainEvent` is never constructed[0m
  [1m[94m--> [0msrc/commands/simulation.rs:51:12
   [1m[94m|[0m
[1m[94m51[0m [1m[94m|[0m pub struct RetrainEvent {
   [1m[94m|[0m            [1m[33m^^^^^^^^^^^^[0m

[1m[96m    Building[0m [=======================> ] 868/870: plantvillage-gui            [K[1m[33mwarning[0m: `plantvillage-gui` (lib) generated 4 warnings (run `cargo fix --lib -p plantvillage-gui` to apply 2 suggestions)
[1m[96m    Building[0m [=======================> ] 869/870: plantvillage-gui(bin)       [K[1m[92m    Finished[0m ]8;;https://doc.rust-lang.org/cargo/reference/profiles.html#default-profiles\`dev` profile [unoptimized + debuginfo]]8;;\ target(s) in 25.78s
[1m[92m     Running[0m `target/debug/plantvillage-gui`

[1;31m[404] GET /icons/32x32.png[0m
3:37:00 PM [vite] (client) page reload .svelte-kit/generated/client/nodes/0.js
3:37:00 PM [vite] (client) page reload .svelte-kit/generated/client/nodes/1.js
3:37:00 PM [vite] (client) page reload .svelte-kit/generated/client/nodes/2.js
3:37:00 PM [vite] (client) page reload .svelte-kit/generated/client/app.js
3:37:00 PM [vite] (client) page reload .svelte-kit/generated/client/matchers.js
3:37:00 PM [vite] (ssr) page reload .svelte-kit/generated/server/internal.js
3:37:00 PM [vite] (client) page reload .svelte-kit/generated/root.js
3:37:00 PM [vite] (ssr) page reload .svelte-kit/generated/root.js

[1;31m[404] GET /icons/32x32.png[0m

[1;31m[404] GET /icons/32x32.png[0m
corrupted double-linked list
